[debug] [2026-01-05T06:54:30.312Z] ----------------------------------------------------------------------
[debug] [2026-01-05T06:54:30.316Z] Command:       C:\Program Files\nodejs\node.exe C:\Users\marce\AppData\Roaming\npm\node_modules\firebase-tools\lib\bin\firebase.js init hosting
[debug] [2026-01-05T06:54:30.316Z] CLI Version:   15.1.0
[debug] [2026-01-05T06:54:30.316Z] Platform:      win32
[debug] [2026-01-05T06:54:30.316Z] Node Version:  v24.12.0
[debug] [2026-01-05T06:54:30.316Z] Time:          Mon Jan 05 2026 07:54:30 GMT+0100 (Mitteleuropäische Normalzeit)
[debug] [2026-01-05T06:54:30.316Z] ----------------------------------------------------------------------
[debug] 
[debug] [2026-01-05T06:54:30.319Z] >>> [apiv2][query] GET https://firebase-public.firebaseio.com/cli.json [none]
[info] 
     ######## #### ########  ######## ########     ###     ######  ########
     ##        ##  ##     ## ##       ##     ##  ##   ##  ##       ##
     ######    ##  ########  ######   ########  #########  ######  ######
     ##        ##  ##    ##  ##       ##     ## ##     ##       ## ##
     ##       #### ##     ## ######## ########  ##     ##  ######  ########

You're about to initialize a Firebase project in this directory:

  C:\Coding\LandingpageMellowSolutions

Before we get started, keep in mind:

  * You are currently outside your home directory

[debug] [2026-01-05T06:54:34.518Z] <<< [apiv2][status] GET https://firebase-public.firebaseio.com/cli.json 200
[debug] [2026-01-05T06:54:34.518Z] <<< [apiv2][body] GET https://firebase-public.firebaseio.com/cli.json {"cloudBuildErrorAfter":1594252800000,"cloudBuildWarnAfter":1590019200000,"defaultNode10After":1594252800000,"minVersion":"3.0.5","node8DeploysDisabledAfter":1613390400000,"node8RuntimeDisabledAfter":1615809600000,"node8WarnAfter":1600128000000}
[info] 
=== Project Setup
[info] 
[info] First, let's associate this project directory with a Firebase project.
[info] You can create multiple project aliases by running firebase use --add, 
[info] 
[debug] [2026-01-05T06:54:55.263Z] > command requires scopes: ["email","openid","https://www.googleapis.com/auth/cloudplatformprojects.readonly","https://www.googleapis.com/auth/firebase","https://www.googleapis.com/auth/cloud-platform"]
[debug] [2026-01-05T06:54:55.263Z] > authorizing via signed-in user (onlysnans@gmail.com)
[debug] [2026-01-05T06:54:55.264Z] Checked if tokens are valid: false, expires at: 1766241618742
[debug] [2026-01-05T06:54:55.264Z] Checked if tokens are valid: false, expires at: 1766241618742
[debug] [2026-01-05T06:54:55.264Z] > refreshing access token with scopes: []
[debug] [2026-01-05T06:54:55.265Z] >>> [apiv2][query] POST https://www.googleapis.com/oauth2/v3/token [none]
[debug] [2026-01-05T06:54:55.265Z] >>> [apiv2][body] POST https://www.googleapis.com/oauth2/v3/token [omitted]
[debug] [2026-01-05T06:54:55.380Z] <<< [apiv2][status] POST https://www.googleapis.com/oauth2/v3/token 200
[debug] [2026-01-05T06:54:55.380Z] <<< [apiv2][body] POST https://www.googleapis.com/oauth2/v3/token [omitted]
[debug] [2026-01-05T06:54:55.393Z] >>> [apiv2][query] GET https://firebase.googleapis.com/v1beta1/projects pageSize=100
[debug] [2026-01-05T06:54:55.921Z] <<< [apiv2][status] GET https://firebase.googleapis.com/v1beta1/projects 200
[debug] [2026-01-05T06:54:55.921Z] <<< [apiv2][body] GET https://firebase.googleapis.com/v1beta1/projects [omitted]
[debug] [2026-01-05T06:55:24.239Z] ExitPromptError: User force closed the prompt with SIGINT
    at Interface.sigint (C:\Users\marce\AppData\Roaming\npm\node_modules\firebase-tools\node_modules\@inquirer\core\dist\commonjs\lib\create-prompt.js:101:37)
    at Interface.emit (node:events:508:28)
    at [_ttyWrite] [as _ttyWrite] (node:internal/readline/interface:1327:18)
    at ReadStream.onkeypress (node:internal/readline/interface:284:20)
    at ReadStream.emit (node:events:520:35)
    at emitKeys (node:internal/readline/utils:371:14)
    at emitKeys.next (<anonymous>)
    at ReadStream.onData (node:internal/readline/emitKeypressEvents:64:36)
    at ReadStream.emit (node:events:508:28)
    at addChunk (node:internal/streams/readable:559:12)
[error] 
[error] Error: An unexpected error has occurred.
